<?xml version="1.0" encoding="UTF-8"?>
<testng-results ignored="0" total="5" passed="5" failed="0" skipped="0">
  <reporter-output>
  </reporter-output>
  <suite started-at="2025-10-06T10:58:35 IST" name="Suite" finished-at="2025-10-06T11:02:05 IST" duration-ms="210597">
    <groups>
      <group name="regressionTest">
        <method signature="CreateContactTest.createContactWithOrg()[pri:0, instance:com.vTiger.crm.contactTest.CreateContactTest@480d3575]" name="createContactWithOrg" class="com.vTiger.crm.contactTest.CreateContactTest"/>
        <method signature="CreateContactTest.createContactWithSupportDate()[pri:0, instance:com.vTiger.crm.contactTest.CreateContactTest@480d3575]" name="createContactWithSupportDate" class="com.vTiger.crm.contactTest.CreateContactTest"/>
        <method signature="CreateOrgTest.createOrgTest()[pri:0, instance:com.vTiger.crm.orgTest.CreateOrgTest@431cd9b2]" name="createOrgTest" class="com.vTiger.crm.orgTest.CreateOrgTest"/>
        <method signature="CreateOrgTest.createOrgWithIndustries()[pri:0, instance:com.vTiger.crm.orgTest.CreateOrgTest@431cd9b2]" name="createOrgWithIndustries" class="com.vTiger.crm.orgTest.CreateOrgTest"/>
        <method signature="CreateOrgTest.createOrgwithPhoneNumber()[pri:0, instance:com.vTiger.crm.orgTest.CreateOrgTest@431cd9b2]" name="createOrgwithPhoneNumber" class="com.vTiger.crm.orgTest.CreateOrgTest"/>
      </group> <!-- regressionTest -->
      <group name="smokeTest">
        <method signature="CreateOrgTest.createOrgTest()[pri:0, instance:com.vTiger.crm.orgTest.CreateOrgTest@431cd9b2]" name="createOrgTest" class="com.vTiger.crm.orgTest.CreateOrgTest"/>
      </group> <!-- smokeTest -->
    </groups>
    <test started-at="2025-10-06T10:58:35 IST" name="Test" finished-at="2025-10-06T11:02:05 IST" duration-ms="210597">
      <class name="com.vTiger.crm.orgTest.CreateOrgTest">
        <test-method is-config="true" signature="launchBrowser()[pri:0, instance:com.vTiger.crm.orgTest.CreateOrgTest@431cd9b2]" started-at="2025-10-06T11:00:38 IST" name="launchBrowser" finished-at="2025-10-06T11:00:40 IST" duration-ms="2270" status="PASS">
          <reporter-output>
          </reporter-output>
        </test-method> <!-- launchBrowser -->
        <test-method is-config="true" signature="login()[pri:0, instance:com.vTiger.crm.orgTest.CreateOrgTest@431cd9b2]" started-at="2025-10-06T11:00:40 IST" name="login" finished-at="2025-10-06T11:00:42 IST" duration-ms="2051" status="PASS">
          <reporter-output>
          </reporter-output>
        </test-method> <!-- login -->
        <test-method signature="createOrgTest()[pri:0, instance:com.vTiger.crm.orgTest.CreateOrgTest@431cd9b2]" started-at="2025-10-06T11:00:42 IST" name="createOrgTest" finished-at="2025-10-06T11:01:05 IST" duration-ms="23155" status="PASS">
          <reporter-output>
          </reporter-output>
        </test-method> <!-- createOrgTest -->
        <test-method is-config="true" signature="logout()[pri:0, instance:com.vTiger.crm.orgTest.CreateOrgTest@431cd9b2]" started-at="2025-10-06T11:01:05 IST" name="logout" finished-at="2025-10-06T11:01:12 IST" duration-ms="6413" status="PASS">
          <reporter-output>
          </reporter-output>
        </test-method> <!-- logout -->
        <test-method is-config="true" signature="login()[pri:0, instance:com.vTiger.crm.orgTest.CreateOrgTest@431cd9b2]" started-at="2025-10-06T11:01:12 IST" name="login" finished-at="2025-10-06T11:01:18 IST" duration-ms="6552" status="PASS">
          <reporter-output>
          </reporter-output>
        </test-method> <!-- login -->
        <test-method signature="createOrgWithIndustries()[pri:0, instance:com.vTiger.crm.orgTest.CreateOrgTest@431cd9b2]" started-at="2025-10-06T11:01:18 IST" name="createOrgWithIndustries" finished-at="2025-10-06T11:01:35 IST" duration-ms="16952" status="PASS">
          <reporter-output>
          </reporter-output>
        </test-method> <!-- createOrgWithIndustries -->
        <test-method is-config="true" signature="logout()[pri:0, instance:com.vTiger.crm.orgTest.CreateOrgTest@431cd9b2]" started-at="2025-10-06T11:01:35 IST" name="logout" finished-at="2025-10-06T11:01:38 IST" duration-ms="3024" status="PASS">
          <reporter-output>
          </reporter-output>
        </test-method> <!-- logout -->
        <test-method is-config="true" signature="login()[pri:0, instance:com.vTiger.crm.orgTest.CreateOrgTest@431cd9b2]" started-at="2025-10-06T11:01:38 IST" name="login" finished-at="2025-10-06T11:01:43 IST" duration-ms="5202" status="PASS">
          <reporter-output>
          </reporter-output>
        </test-method> <!-- login -->
        <test-method signature="createOrgwithPhoneNumber()[pri:0, instance:com.vTiger.crm.orgTest.CreateOrgTest@431cd9b2]" started-at="2025-10-06T11:01:43 IST" name="createOrgwithPhoneNumber" finished-at="2025-10-06T11:02:01 IST" duration-ms="17462" status="PASS">
          <reporter-output>
          </reporter-output>
        </test-method> <!-- createOrgwithPhoneNumber -->
        <test-method is-config="true" signature="logout()[pri:0, instance:com.vTiger.crm.orgTest.CreateOrgTest@431cd9b2]" started-at="2025-10-06T11:02:01 IST" name="logout" finished-at="2025-10-06T11:02:04 IST" duration-ms="3296" status="PASS">
          <reporter-output>
          </reporter-output>
        </test-method> <!-- logout -->
        <test-method is-config="true" signature="closeBrowser()[pri:0, instance:com.vTiger.crm.orgTest.CreateOrgTest@431cd9b2]" started-at="2025-10-06T11:02:04 IST" name="closeBrowser" finished-at="2025-10-06T11:02:05 IST" duration-ms="1161" status="PASS">
          <reporter-output>
          </reporter-output>
        </test-method> <!-- closeBrowser -->
      </class> <!-- com.vTiger.crm.orgTest.CreateOrgTest -->
      <class name="com.vTiger.crm.contactTest.CreateContactTest">
        <test-method is-config="true" signature="beforeSuite()[pri:0, instance:com.vTiger.crm.contactTest.CreateContactTest@480d3575]" started-at="2025-10-06T10:58:35 IST" name="beforeSuite" finished-at="2025-10-06T10:58:35 IST" duration-ms="26" status="PASS">
          <reporter-output>
          </reporter-output>
        </test-method> <!-- beforeSuite -->
        <test-method is-config="true" signature="launchBrowser()[pri:0, instance:com.vTiger.crm.contactTest.CreateContactTest@480d3575]" started-at="2025-10-06T10:58:35 IST" name="launchBrowser" finished-at="2025-10-06T10:58:41 IST" duration-ms="6599" status="PASS">
          <reporter-output>
          </reporter-output>
        </test-method> <!-- launchBrowser -->
        <test-method is-config="true" signature="login()[pri:0, instance:com.vTiger.crm.contactTest.CreateContactTest@480d3575]" started-at="2025-10-06T10:58:41 IST" name="login" finished-at="2025-10-06T10:58:48 IST" duration-ms="6265" status="PASS">
          <reporter-output>
          </reporter-output>
        </test-method> <!-- login -->
        <test-method signature="createContactWithOrg()[pri:0, instance:com.vTiger.crm.contactTest.CreateContactTest@480d3575]" started-at="2025-10-06T10:58:48 IST" name="createContactWithOrg" finished-at="2025-10-06T11:00:06 IST" duration-ms="78007" status="PASS">
          <reporter-output>
          </reporter-output>
        </test-method> <!-- createContactWithOrg -->
        <test-method is-config="true" signature="logout()[pri:0, instance:com.vTiger.crm.contactTest.CreateContactTest@480d3575]" started-at="2025-10-06T11:00:06 IST" name="logout" finished-at="2025-10-06T11:00:09 IST" duration-ms="3319" status="PASS">
          <reporter-output>
          </reporter-output>
        </test-method> <!-- logout -->
        <test-method is-config="true" signature="login()[pri:0, instance:com.vTiger.crm.contactTest.CreateContactTest@480d3575]" started-at="2025-10-06T11:00:09 IST" name="login" finished-at="2025-10-06T11:00:10 IST" duration-ms="1071" status="PASS">
          <reporter-output>
          </reporter-output>
        </test-method> <!-- login -->
        <test-method signature="createContactWithSupportDate()[pri:0, instance:com.vTiger.crm.contactTest.CreateContactTest@480d3575]" started-at="2025-10-06T11:00:10 IST" name="createContactWithSupportDate" finished-at="2025-10-06T11:00:33 IST" duration-ms="23569" status="PASS">
          <reporter-output>
          </reporter-output>
        </test-method> <!-- createContactWithSupportDate -->
        <test-method is-config="true" signature="logout()[pri:0, instance:com.vTiger.crm.contactTest.CreateContactTest@480d3575]" started-at="2025-10-06T11:00:33 IST" name="logout" finished-at="2025-10-06T11:00:36 IST" duration-ms="2971" status="PASS">
          <reporter-output>
          </reporter-output>
        </test-method> <!-- logout -->
        <test-method is-config="true" signature="closeBrowser()[pri:0, instance:com.vTiger.crm.contactTest.CreateContactTest@480d3575]" started-at="2025-10-06T11:00:36 IST" name="closeBrowser" finished-at="2025-10-06T11:00:38 IST" duration-ms="1155" status="PASS">
          <reporter-output>
          </reporter-output>
        </test-method> <!-- closeBrowser -->
        <test-method is-config="true" signature="afterSuite()[pri:0, instance:com.vTiger.crm.contactTest.CreateContactTest@480d3575]" started-at="2025-10-06T11:02:05 IST" name="afterSuite" finished-at="2025-10-06T11:02:05 IST" duration-ms="0" status="PASS">
          <reporter-output>
          </reporter-output>
        </test-method> <!-- afterSuite -->
      </class> <!-- com.vTiger.crm.contactTest.CreateContactTest -->
    </test> <!-- Test -->
  </suite> <!-- Suite -->
</testng-results>
