<?xml version="1.0" encoding="UTF-8"?>
<!-- Generated by org.testng.reporters.JUnitXMLReporter -->
<testsuite ignored="3" hostname="DESKTOP-1ILS8EV" failures="0" tests="5" name="Test" time="210.597" errors="0" timestamp="2025-10-06T11:02:05 IST">
  <testcase classname="com.vTiger.crm.contactTest.CreateContactTest" name="createContactWithOrg" time="78.007"/>
  <testcase classname="com.vTiger.crm.contactTest.CreateContactTest" name="createContactWithSupportDate" time="23.569"/>
  <testcase classname="com.vTiger.crm.orgTest.CreateOrgTest" name="createOrgTest" time="23.155"/>
  <testcase classname="com.vTiger.crm.orgTest.CreateOrgTest" name="createOrgWithIndustries" time="16.952"/>
  <testcase classname="com.vTiger.crm.orgTest.CreateOrgTest" name="createOrgwithPhoneNumber" time="17.462"/>
  <testcase classname="com.vTiger.crm.contactTest.CreateContactTest" name="createContactTest" time="0.0">
    <ignored/>
  </testcase> <!-- createContactTest -->
  <testcase classname="com.vTiger.crm.baseTest.BaseClassTest" name="@AfterSuite afterSuite" time="0.0">
    <ignored/>
  </testcase> <!-- @AfterSuite afterSuite -->
  <testcase classname="com.vTiger.crm.baseTest.BaseClassTest" name="@BeforeSuite beforeSuite" time="0.0">
    <ignored/>
  </testcase> <!-- @BeforeSuite beforeSuite -->
</testsuite> <!-- Test -->
